2025-04-28 20:28:45,875 - app - INFO - ==================================================
2025-04-28 20:28:45,876 - app - INFO - PyQuick 启动于 2025-04-28 20:28:45
2025-04-28 20:28:45,876 - app - INFO - 操作系统: darwin, Python版本: 3.13.3 (v3.13.3:6280bb54784, Apr  8 2025, 10:47:54) [Clang 15.0.0 (clang-1500.3.9.4)]
2025-04-28 20:28:45,876 - app - INFO - 配置路径: /Users/liexe/.pyquick/1965
2025-04-28 20:28:45,877 - app - INFO - ==================================================
2025-04-28 20:28:52,945 - app - INFO - GUI初始化完成
2025-04-28 20:29:38,749 - app - INFO - ==================================================
2025-04-28 20:29:38,749 - app - INFO - PyQuick 启动于 2025-04-28 20:29:38
2025-04-28 20:29:38,749 - app - INFO - 操作系统: darwin, Python版本: 3.13.3 (v3.13.3:6280bb54784, Apr  8 2025, 10:47:54) [Clang 15.0.0 (clang-1500.3.9.4)]
2025-04-28 20:29:38,749 - app - INFO - 配置路径: /Users/liexe/.pyquick/1965
2025-04-28 20:29:38,750 - app - INFO - ==================================================
2025-04-28 20:29:45,862 - app - INFO - GUI初始化完成
2025-04-28 20:32:53,211 - app - INFO - ==================================================
2025-04-28 20:32:53,212 - app - INFO - PyQuick 启动于 2025-04-28 20:32:53
2025-04-28 20:32:53,212 - app - INFO - 操作系统: darwin, Python版本: 3.13.3 (v3.13.3:6280bb54784, Apr  8 2025, 10:47:54) [Clang 15.0.0 (clang-1500.3.9.4)]
2025-04-28 20:32:53,212 - app - INFO - 配置路径: /Users/liexe/.pyquick/1965
2025-04-28 20:32:53,212 - app - INFO - ==================================================
2025-04-28 20:33:00,090 - app - INFO - GUI初始化完成
2025-05-04 19:26:56,385 - app - INFO - 磁盘信息监控模块已启动
2025-05-04 19:29:36,394 - app - INFO - 磁盘信息监控模块已启动
2025-05-04 19:32:50,606 - app - INFO - 磁盘信息监控模块已启动
2025-05-04 19:34:03,728 - app - INFO - 磁盘信息监控模块已启动
2025-05-04 19:34:12,957 - app - INFO - 磁盘信息监控模块已启动
2025-05-04 19:36:47,200 - app - INFO - 磁盘信息监控模块已启动
2025-05-04 19:41:38,119 - app - INFO - 磁盘信息监控模块已启动
2025-05-04 19:44:11,016 - app - INFO - 磁盘信息监控模块已启动
2025-05-04 20:00:45,722 - app - INFO - 磁盘信息监控模块已启动
2025-05-04 20:01:18,566 - app - INFO - 磁盘信息监控模块已启动
2025-05-04 20:34:02,733 - app - INFO - 磁盘信息监控模块已启动
2025-05-04 20:37:27,137 - app - INFO - 磁盘信息监控模块已启动
2025-05-04 20:40:04,974 - app - INFO - 磁盘信息监控模块已启动
2025-05-04 20:41:58,697 - app - INFO - 磁盘信息监控模块已启动
2025-05-04 20:42:50,973 - app - INFO - 磁盘信息监控模块已启动
2025-05-04 20:50:50,505 - app - INFO - 磁盘信息监控模块已启动
2025-05-04 20:51:34,966 - app - INFO - 磁盘信息监控模块已启动
2025-05-04 20:53:13,136 - app - INFO - 磁盘信息监控模块已启动
2025-05-04 20:53:34,163 - app - INFO - 磁盘信息监控模块已启动
2025-05-04 20:54:25,573 - app - INFO - 磁盘信息监控模块已启动
2025-05-04 20:55:42,760 - app - INFO - 磁盘信息监控模块已启动
2025-05-04 20:57:23,884 - app - INFO - 磁盘信息监控模块已启动
2025-05-04 20:57:47,394 - app - INFO - 磁盘信息监控模块已启动
2025-05-04 20:59:26,544 - app - INFO - 磁盘信息监控模块已启动
2025-05-04 21:01:58,987 - app - INFO - 磁盘信息监控模块已启动
2025-05-04 21:03:50,940 - app - INFO - 磁盘信息监控模块已启动
2025-05-04 21:04:28,027 - app - INFO - 磁盘信息监控模块已启动
2025-05-04 21:05:20,103 - app - INFO - 磁盘信息监控模块已启动
2025-05-04 21:08:52,518 - app - INFO - 磁盘信息监控模块已启动
2025-05-04 21:12:05,697 - app - INFO - 磁盘信息监控模块已启动
2025-05-04 21:15:14,835 - app - INFO - 磁盘信息监控模块已启动
2025-05-04 21:16:33,301 - app - INFO - 磁盘信息监控模块已启动
2025-05-04 21:16:49,679 - app - INFO - 磁盘信息监控模块已启动
2025-05-04 21:17:59,681 - app - INFO - 磁盘信息监控模块已启动
2025-05-04 21:19:32,922 - app - INFO - 磁盘信息监控模块已启动
2025-05-04 21:19:59,338 - app - INFO - 磁盘信息监控模块已启动
2025-05-04 21:20:37,946 - app - INFO - 磁盘信息监控模块已启动
2025-05-04 21:21:12,168 - app - INFO - 磁盘信息监控模块已启动
2025-05-04 21:21:55,653 - app - INFO - 磁盘信息监控模块已启动
2025-05-04 21:22:07,850 - app - INFO - 磁盘信息监控模块已启动
2025-05-04 21:22:26,074 - app - INFO - 磁盘信息监控模块已启动
2025-05-04 21:22:52,311 - app - INFO - 磁盘信息监控模块已启动
2025-05-04 21:23:42,665 - app - INFO - 磁盘信息监控模块已启动
2025-05-04 21:24:23,512 - app - INFO - 磁盘信息监控模块已启动
2025-05-04 21:25:31,604 - app - INFO - 磁盘信息监控模块已启动
2025-05-04 21:27:18,262 - app - INFO - 磁盘信息监控模块已启动
2025-05-04 21:30:09,107 - app - INFO - 磁盘信息监控模块已启动
2025-05-04 21:31:57,385 - app - INFO - 磁盘信息监控模块已启动
2025-05-05 13:48:24,045 - app - INFO - 磁盘信息监控模块已启动
2025-05-05 13:48:57,808 - app - INFO - 磁盘信息监控模块已启动
2025-05-05 13:49:26,642 - app - INFO - 磁盘信息监控模块已启动
2025-05-05 13:50:06,790 - app - INFO - 磁盘信息监控模块已启动
2025-05-05 13:50:44,112 - app - INFO - 磁盘信息监控模块已启动
2025-05-05 13:50:50,596 - app - INFO - 磁盘信息监控模块已启动
2025-05-05 13:51:08,445 - app - INFO - 磁盘信息监控模块已启动
2025-05-05 13:52:06,341 - app - INFO - 磁盘信息监控模块已启动
2025-05-05 13:52:45,447 - app - INFO - 磁盘信息监控模块已启动
2025-05-05 13:53:12,162 - app - INFO - 磁盘信息监控模块已启动
2025-05-05 13:53:32,948 - app - INFO - 磁盘信息监控模块已启动
2025-05-05 13:55:06,564 - app - INFO - 磁盘信息监控模块已启动
2025-05-05 13:55:34,331 - app - INFO - 磁盘信息监控模块已启动
2025-05-05 13:55:55,021 - app - INFO - 磁盘信息监控模块已启动
2025-05-05 13:56:31,670 - app - INFO - 磁盘信息监控模块已启动
2025-05-05 13:56:52,825 - app - INFO - 磁盘信息监控模块已启动
2025-05-05 13:57:11,103 - app - INFO - 磁盘信息监控模块已启动
2025-05-05 13:58:08,711 - app - INFO - 磁盘信息监控模块已启动
2025-05-05 13:58:24,523 - app - INFO - 磁盘信息监控模块已启动
2025-05-05 13:58:54,851 - app - INFO - 磁盘信息监控模块已启动
2025-05-05 13:59:36,484 - app - INFO - 磁盘信息监控模块已启动
2025-05-05 15:17:51,411 - app - INFO - 磁盘信息监控模块已启动
2025-05-05 15:18:12,706 - app - INFO - 磁盘信息监控模块已启动
2025-05-05 15:21:18,178 - app - INFO - 磁盘信息监控模块已启动
2025-05-05 15:21:31,799 - app - INFO - 磁盘信息监控模块已启动
2025-05-05 15:38:24,047 - app - INFO - 磁盘信息监控模块已启动
2025-05-05 16:25:08,942 - app - INFO - 磁盘信息监控模块已启动
2025-05-05 16:33:37,235 - app - INFO - 磁盘信息监控模块已启动
2025-05-05 16:34:10,363 - app - INFO - 磁盘信息监控模块已启动
2025-05-05 16:35:54,623 - app - INFO - 磁盘信息监控模块已启动
2025-05-05 16:36:08,814 - app - INFO - 磁盘信息监控模块已启动
2025-05-05 16:36:45,723 - app - INFO - 磁盘信息监控模块已启动
2025-05-05 16:38:05,384 - app - INFO - 磁盘信息监控模块已启动
2025-05-05 16:38:12,548 - app - INFO - 磁盘信息监控模块已启动
2025-05-05 16:38:21,122 - app - INFO - 磁盘信息监控模块已启动
2025-05-05 16:38:34,195 - app - INFO - 磁盘信息监控模块已启动
2025-05-05 16:39:28,279 - app - INFO - 磁盘信息监控模块已启动
2025-05-05 16:39:38,368 - app - INFO - 磁盘信息监控模块已启动
2025-05-05 16:39:47,834 - app - INFO - 磁盘信息监控模块已启动
2025-05-05 16:39:53,648 - app - INFO - 磁盘信息监控模块已启动
2025-05-05 20:42:50,059 - app - INFO - 磁盘信息监控模块已启动
